f:\cpp\glmap\glfw\glfw.dir\relwithdebinfo\glfw.pdb
f:\cpp\glmap\glfw\glfw.dir\relwithdebinfo\window.obj
f:\cpp\glmap\glfw\glfw.dir\relwithdebinfo\win32_window.obj
f:\cpp\glmap\glfw\glfw.dir\relwithdebinfo\win32_tls.obj
f:\cpp\glmap\glfw\glfw.dir\relwithdebinfo\win32_time.obj
f:\cpp\glmap\glfw\glfw.dir\relwithdebinfo\win32_monitor.obj
f:\cpp\glmap\glfw\glfw.dir\relwithdebinfo\win32_joystick.obj
f:\cpp\glmap\glfw\glfw.dir\relwithdebinfo\win32_init.obj
f:\cpp\glmap\glfw\glfw.dir\relwithdebinfo\wgl_context.obj
f:\cpp\glmap\glfw\glfw.dir\relwithdebinfo\vulkan.obj
f:\cpp\glmap\glfw\glfw.dir\relwithdebinfo\monitor.obj
f:\cpp\glmap\glfw\glfw.dir\relwithdebinfo\input.obj
f:\cpp\glmap\glfw\glfw.dir\relwithdebinfo\init.obj
f:\cpp\glmap\glfw\glfw.dir\relwithdebinfo\egl_context.obj
f:\cpp\glmap\glfw\glfw.dir\relwithdebinfo\context.obj
f:\cpp\glfw-3.2.1\build\src\relwithdebinfo\glfw3.lib
f:\cpp\glmap\glfw\glfw.dir\relwithdebinfo\glfw.tlog\cl.command.1.tlog
f:\cpp\glmap\glfw\glfw.dir\relwithdebinfo\glfw.tlog\cl.read.1.tlog
f:\cpp\glmap\glfw\glfw.dir\relwithdebinfo\glfw.tlog\cl.write.1.tlog
f:\cpp\glmap\glfw\glfw.dir\relwithdebinfo\glfw.tlog\lib-link.read.1.tlog
f:\cpp\glmap\glfw\glfw.dir\relwithdebinfo\glfw.tlog\lib-link.write.1.tlog
f:\cpp\glmap\glfw\glfw.dir\relwithdebinfo\glfw.tlog\lib.command.1.tlog
