  soloud_monotone.cpp
  soloud_openmpt.cpp
  soloud_sfxr.cpp
  darray.cpp
  klatt.cpp
  resonator.cpp
  soloud_speech.cpp
  tts.cpp
  sid.cpp
  soloud_tedsid.cpp
  ted.cpp
  soloud_vic.cpp
  soloud_vizsn.cpp
  dr_impl.cpp
  soloud_wav.cpp
  soloud_wavstream.cpp
  soloud_bassboostfilter.cpp
  soloud_biquadresonantfilter.cpp
  soloud_dcremovalfilter.cpp
  soloud_echofilter.cpp
  soloud_fftfilter.cpp
  soloud_flangerfilter.cpp
  soloud_lofifilter.cpp
  soloud_robotizefilter.cpp
  soloud_waveshaperfilter.cpp
  soloud.cpp
  soloud_audiosource.cpp
  soloud_bus.cpp
  soloud_core_3d.cpp
  soloud_core_basicops.cpp
  soloud_core_faderops.cpp
  soloud_core_filterops.cpp
  soloud_core_getters.cpp
  soloud_core_setters.cpp
  soloud_core_voicegroup.cpp
  soloud_core_voiceops.cpp
  soloud_fader.cpp
  soloud_fft.cpp
  soloud_fft_lut.cpp
  soloud_file.cpp
  soloud_filter.cpp
  soloud_queue.cpp
  soloud_thread.cpp
  soloud_winmm.cpp
  soloud_null.cpp
  soloud_openmpt_dll.c
  stb_vorbis.c
  SoloudStatic.vcxproj -> F:\cpp\GLMap\soloud\build\vs2015\..\..\lib\soloud_static_x64.lib
